# JRE version: Java(TM) SE Runtime Environment (8.0_121-b13) (build 1.8.0_121-b13)
# Java VM: Java HotSpot(TM) 64-Bit Server VM (25.121-b13 mixed mode windows-amd64 compressed oops)
Heap:
 PSYoungGen      total 280064K, used 6171K [0x000000076dd00000, 0x0000000780180000, 0x00000007c0000000)
  eden space 261632K, 2% used [0x000000076dd00000,0x000000076e306e50,0x000000077dc80000)
  from space 18432K, 0% used [0x000000077ef80000,0x000000077ef80000,0x0000000780180000)
  to   space 18944K, 0% used [0x000000077dc80000,0x000000077dc80000,0x000000077ef00000)
 ParOldGen       total 135680K, used 15486K [0x00000006c9600000, 0x00000006d1a80000, 0x000000076dd00000)
  object space 135680K, 11% used [0x00000006c9600000,0x00000006ca51fbc0,0x00000006d1a80000)
 Metaspace       used 30355K, capacity 31011K, committed 31360K, reserved 1077248K
  class space    used 3698K, capacity 3952K, committed 3968K, reserved 1048576K
GC Heap History (10 events):
Event: 5.542 GC heap before
{Heap before GC invocations=8 (full 1):
 PSYoungGen      total 152064K, used 134709K [0x000000076dd00000, 0x0000000778600000, 0x00000007c0000000)
  eden space 132096K, 100% used [0x000000076dd00000,0x0000000775e00000,0x0000000775e00000)
  from space 19968K, 13% used [0x0000000777280000,0x000000077750d5e0,0x0000000778600000)
  to   space 20480K, 0% used [0x0000000775e00000,0x0000000775e00000,0x0000000777200000)
 ParOldGen       total 135680K, used 18462K [0x00000006c9600000, 0x00000006d1a80000, 0x000000076dd00000)
  object space 135680K, 13% used [0x00000006c9600000,0x00000006ca807a88,0x00000006d1a80000)
 Metaspace       used 22734K, capacity 23196K, committed 23680K, reserved 1071104K
  class space    used 2619K, capacity 2858K, committed 2944K, reserved 1048576K
Event: 5.544 GC heap after
Heap after GC invocations=8 (full 1):
 PSYoungGen      total 152576K, used 2620K [0x000000076dd00000, 0x000000077c800000, 0x00000007c0000000)
  eden space 132096K, 0% used [0x000000076dd00000,0x000000076dd00000,0x0000000775e00000)
  from space 20480K, 12% used [0x0000000775e00000,0x000000077608f000,0x0000000777200000)
  to   space 19968K, 0% used [0x000000077b480000,0x000000077b480000,0x000000077c800000)
 ParOldGen       total 135680K, used 18470K [0x00000006c9600000, 0x00000006d1a80000, 0x000000076dd00000)
  object space 135680K, 13% used [0x00000006c9600000,0x00000006ca809a88,0x00000006d1a80000)
 Metaspace       used 22734K, capacity 23196K, committed 23680K, reserved 1071104K
  class space    used 2619K, capacity 2858K, committed 2944K, reserved 1048576K
}
Event: 5.753 GC heap before
{Heap before GC invocations=9 (full 1):
 PSYoungGen      total 152576K, used 134716K [0x000000076dd00000, 0x000000077c800000, 0x00000007c0000000)
  eden space 132096K, 100% used [0x000000076dd00000,0x0000000775e00000,0x0000000775e00000)
  from space 20480K, 12% used [0x0000000775e00000,0x000000077608f000,0x0000000777200000)
  to   space 19968K, 0% used [0x000000077b480000,0x000000077b480000,0x000000077c800000)
 ParOldGen       total 135680K, used 18470K [0x00000006c9600000, 0x00000006d1a80000, 0x000000076dd00000)
  object space 135680K, 13% used [0x00000006c9600000,0x00000006ca809a88,0x00000006d1a80000)
 Metaspace       used 22742K, capacity 23196K, committed 23680K, reserved 1071104K
  class space    used 2619K, capacity 2858K, committed 2944K, reserved 1048576K
Event: 5.755 GC heap after
Heap after GC invocations=9 (full 1):
 PSYoungGen      total 218624K, used 2338K [0x000000076dd00000, 0x000000077c700000, 0x00000007c0000000)
  eden space 199680K, 0% used [0x000000076dd00000,0x000000076dd00000,0x000000077a000000)
  from space 18944K, 12% used [0x000000077b480000,0x000000077b6c8ae0,0x000000077c700000)
  to   space 19968K, 0% used [0x000000077a000000,0x000000077a000000,0x000000077b380000)
 ParOldGen       total 135680K, used 18470K [0x00000006c9600000, 0x00000006d1a80000, 0x000000076dd00000)
  object space 135680K, 13% used [0x00000006c9600000,0x00000006ca809a88,0x00000006d1a80000)
 Metaspace       used 22742K, capacity 23196K, committed 23680K, reserved 1071104K
  class space    used 2619K, capacity 2858K, committed 2944K, reserved 1048576K
}
Event: 5.959 GC heap before
{Heap before GC invocations=10 (full 1):
 PSYoungGen      total 218624K, used 202018K [0x000000076dd00000, 0x000000077c700000, 0x00000007c0000000)
  eden space 199680K, 100% used [0x000000076dd00000,0x000000077a000000,0x000000077a000000)
  from space 18944K, 12% used [0x000000077b480000,0x000000077b6c8ae0,0x000000077c700000)
  to   space 19968K, 0% used [0x000000077a000000,0x000000077a000000,0x000000077b380000)
 ParOldGen       total 135680K, used 18470K [0x00000006c9600000, 0x00000006d1a80000, 0x000000076dd00000)
  object space 135680K, 13% used [0x00000006c9600000,0x00000006ca809a88,0x00000006d1a80000)
 Metaspace       used 22847K, capacity 23326K, committed 23680K, reserved 1071104K
  class space    used 2624K, capacity 2859K, committed 2944K, reserved 1048576K
Event: 5.962 GC heap after
Heap after GC invocations=10 (full 1):
 PSYoungGen      total 219648K, used 1315K [0x000000076dd00000, 0x0000000780280000, 0x00000007c0000000)
  eden space 199680K, 0% used [0x000000076dd00000,0x000000076dd00000,0x000000077a000000)
  from space 19968K, 6% used [0x000000077a000000,0x000000077a148fa8,0x000000077b380000)
  to   space 19456K, 0% used [0x000000077ef80000,0x000000077ef80000,0x0000000780280000)
 ParOldGen       total 135680K, used 20128K [0x00000006c9600000, 0x00000006d1a80000, 0x000000076dd00000)
  object space 135680K, 14% used [0x00000006c9600000,0x00000006ca9a82c8,0x00000006d1a80000)
 Metaspace       used 22847K, capacity 23326K, committed 23680K, reserved 1071104K
  class space    used 2624K, capacity 2859K, committed 2944K, reserved 1048576K
}
Event: 33.654 GC heap before
{Heap before GC invocations=11 (full 1):
 PSYoungGen      total 219648K, used 157680K [0x000000076dd00000, 0x0000000780280000, 0x00000007c0000000)
  eden space 199680K, 78% used [0x000000076dd00000,0x00000007775b3388,0x000000077a000000)
  from space 19968K, 6% used [0x000000077a000000,0x000000077a148fa8,0x000000077b380000)
  to   space 19456K, 0% used [0x000000077ef80000,0x000000077ef80000,0x0000000780280000)
 ParOldGen       total 135680K, used 20128K [0x00000006c9600000, 0x00000006d1a80000, 0x000000076dd00000)
  object space 135680K, 14% used [0x00000006c9600000,0x00000006ca9a82c8,0x00000006d1a80000)
 Metaspace       used 30357K, capacity 31017K, committed 31360K, reserved 1077248K
  class space    used 3698K, capacity 3953K, committed 3968K, reserved 1048576K
Event: 33.661 GC heap after
Heap after GC invocations=11 (full 1):
 PSYoungGen      total 280064K, used 8156K [0x000000076dd00000, 0x0000000780180000, 0x00000007c0000000)
  eden space 261632K, 0% used [0x000000076dd00000,0x000000076dd00000,0x000000077dc80000)
  from space 18432K, 44% used [0x000000077ef80000,0x000000077f7773f8,0x0000000780180000)
  to   space 18944K, 0% used [0x000000077dc80000,0x000000077dc80000,0x000000077ef00000)
 ParOldGen       total 135680K, used 20168K [0x00000006c9600000, 0x00000006d1a80000, 0x000000076dd00000)
  object space 135680K, 14% used [0x00000006c9600000,0x00000006ca9b22c8,0x00000006d1a80000)
 Metaspace       used 30357K, capacity 31017K, committed 31360K, reserved 1077248K
  class space    used 3698K, capacity 3953K, committed 3968K, reserved 1048576K
}
Event: 33.661 GC heap before
{Heap before GC invocations=12 (full 2):
 PSYoungGen      total 280064K, used 8156K [0x000000076dd00000, 0x0000000780180000, 0x00000007c0000000)
  eden space 261632K, 0% used [0x000000076dd00000,0x000000076dd00000,0x000000077dc80000)
  from space 18432K, 44% used [0x000000077ef80000,0x000000077f7773f8,0x0000000780180000)
  to   space 18944K, 0% used [0x000000077dc80000,0x000000077dc80000,0x000000077ef00000)
 ParOldGen       total 135680K, used 20168K [0x00000006c9600000, 0x00000006d1a80000, 0x000000076dd00000)
  object space 135680K, 14% used [0x00000006c9600000,0x00000006ca9b22c8,0x00000006d1a80000)
 Metaspace       used 30357K, capacity 31017K, committed 31360K, reserved 1077248K
  class space    used 3698K, capacity 3953K, committed 3968K, reserved 1048576K
Event: 33.703 GC heap after
Heap after GC invocations=12 (full 2):
 PSYoungGen      total 280064K, used 0K [0x000000076dd00000, 0x0000000780180000, 0x00000007c0000000)
  eden space 261632K, 0% used [0x000000076dd00000,0x000000076dd00000,0x000000077dc80000)
  from space 18432K, 0% used [0x000000077ef80000,0x000000077ef80000,0x0000000780180000)
  to   space 18944K, 0% used [0x000000077dc80000,0x000000077dc80000,0x000000077ef00000)
 ParOldGen       total 135680K, used 15486K [0x00000006c9600000, 0x00000006d1a80000, 0x000000076dd00000)
  object space 135680K, 11% used [0x00000006c9600000,0x00000006ca51fbc0,0x00000006d1a80000)
 Metaspace       used 30353K, capacity 31011K, committed 31360K, reserved 1077248K
  class space    used 3697K, capacity 3952K, committed 3968K, reserved 1048576K
}

